2024-04-07T00:22:12.728+05:30  INFO 27504 --- [restartedMain] c.d.u.UserRegistrationCrudApplication    : Starting UserRegistrationCrudApplication using Java 17.0.10 with PID 27504 (D:\Intellij Idea\springboot-user-registration-crud\target\classes started by Vijay in D:\Intellij Idea\springboot-user-registration-crud)
2024-04-07T00:22:12.735+05:30 DEBUG 27504 --- [restartedMain] c.d.u.UserRegistrationCrudApplication    : Running with Spring Boot v3.1.3, Spring v6.0.11
2024-04-07T00:22:12.736+05:30  INFO 27504 --- [restartedMain] c.d.u.UserRegistrationCrudApplication    : No active profile set, falling back to 1 default profile: "default"
2024-04-07T00:22:12.805+05:30  INFO 27504 --- [restartedMain] .e.DevToolsPropertyDefaultsPostProcessor : Devtools property defaults active! Set 'spring.devtools.add-properties' to 'false' to disable
2024-04-07T00:22:12.806+05:30  INFO 27504 --- [restartedMain] .e.DevToolsPropertyDefaultsPostProcessor : For additional web related logging consider setting the 'logging.level.web' property to 'DEBUG'
2024-04-07T00:22:13.396+05:30  INFO 27504 --- [restartedMain] .s.d.r.c.RepositoryConfigurationDelegate : Bootstrapping Spring Data JPA repositories in DEFAULT mode.
2024-04-07T00:22:13.462+05:30  INFO 27504 --- [restartedMain] .s.d.r.c.RepositoryConfigurationDelegate : Finished Spring Data repository scanning in 58 ms. Found 1 JPA repository interfaces.
2024-04-07T00:22:13.710+05:30  INFO 27504 --- [restartedMain] ptablePropertiesBeanFactoryPostProcessor : Post-processing PropertySource instances
2024-04-07T00:22:13.733+05:30  INFO 27504 --- [restartedMain] c.u.j.EncryptablePropertySourceConverter : Converting PropertySource configurationProperties [org.springframework.boot.context.properties.source.ConfigurationPropertySourcesPropertySource] to AOP Proxy
2024-04-07T00:22:13.734+05:30  INFO 27504 --- [restartedMain] c.u.j.EncryptablePropertySourceConverter : Converting PropertySource commandLineArgs [org.springframework.core.env.SimpleCommandLinePropertySource] to EncryptableEnumerablePropertySourceWrapper
2024-04-07T00:22:13.735+05:30  INFO 27504 --- [restartedMain] c.u.j.EncryptablePropertySourceConverter : Converting PropertySource servletConfigInitParams [org.springframework.core.env.PropertySource$StubPropertySource] to EncryptablePropertySourceWrapper
2024-04-07T00:22:13.735+05:30  INFO 27504 --- [restartedMain] c.u.j.EncryptablePropertySourceConverter : Converting PropertySource servletContextInitParams [org.springframework.core.env.PropertySource$StubPropertySource] to EncryptablePropertySourceWrapper
2024-04-07T00:22:13.735+05:30  INFO 27504 --- [restartedMain] c.u.j.EncryptablePropertySourceConverter : Converting PropertySource systemProperties [org.springframework.core.env.PropertiesPropertySource] to EncryptableMapPropertySourceWrapper
2024-04-07T00:22:13.735+05:30  INFO 27504 --- [restartedMain] c.u.j.EncryptablePropertySourceConverter : Converting PropertySource systemEnvironment [org.springframework.boot.env.SystemEnvironmentPropertySourceEnvironmentPostProcessor$OriginAwareSystemEnvironmentPropertySource] to EncryptableSystemEnvironmentPropertySourceWrapper
2024-04-07T00:22:13.735+05:30  INFO 27504 --- [restartedMain] c.u.j.EncryptablePropertySourceConverter : Converting PropertySource random [org.springframework.boot.env.RandomValuePropertySource] to EncryptablePropertySourceWrapper
2024-04-07T00:22:13.735+05:30  INFO 27504 --- [restartedMain] c.u.j.EncryptablePropertySourceConverter : Converting PropertySource Config resource 'class path resource [application.yml]' via location 'optional:classpath:/' [org.springframework.boot.env.OriginTrackedMapPropertySource] to EncryptableMapPropertySourceWrapper
2024-04-07T00:22:13.736+05:30  INFO 27504 --- [restartedMain] c.u.j.EncryptablePropertySourceConverter : Converting PropertySource devtools [org.springframework.core.env.MapPropertySource] to EncryptableMapPropertySourceWrapper
2024-04-07T00:22:13.762+05:30  INFO 27504 --- [restartedMain] c.u.j.filter.DefaultLazyPropertyFilter   : Property Filter custom Bean not found with name 'encryptablePropertyFilter'. Initializing Default Property Filter
2024-04-07T00:22:13.902+05:30  INFO 27504 --- [restartedMain] c.u.j.r.DefaultLazyPropertyResolver      : Property Resolver custom Bean not found with name 'encryptablePropertyResolver'. Initializing Default Property Resolver
2024-04-07T00:22:13.905+05:30  INFO 27504 --- [restartedMain] c.u.j.d.DefaultLazyPropertyDetector      : Property Detector custom Bean not found with name 'encryptablePropertyDetector'. Initializing Default Property Detector
2024-04-07T00:22:14.296+05:30  INFO 27504 --- [restartedMain] o.s.b.w.embedded.tomcat.TomcatWebServer  : Tomcat initialized with port(s): 9092 (http)
2024-04-07T00:22:14.308+05:30  INFO 27504 --- [restartedMain] o.apache.catalina.core.StandardService   : Starting service [Tomcat]
2024-04-07T00:22:14.309+05:30  INFO 27504 --- [restartedMain] o.apache.catalina.core.StandardEngine    : Starting Servlet engine: [Apache Tomcat/10.1.12]
2024-04-07T00:22:14.370+05:30  INFO 27504 --- [restartedMain] o.a.c.c.C.[Tomcat].[localhost].[/]       : Initializing Spring embedded WebApplicationContext
2024-04-07T00:22:14.370+05:30  INFO 27504 --- [restartedMain] w.s.c.ServletWebServerApplicationContext : Root WebApplicationContext: initialization completed in 1563 ms
2024-04-07T00:22:14.428+05:30  INFO 27504 --- [restartedMain] c.u.j.encryptor.DefaultLazyEncryptor     : Found Custom Encryptor Bean org.jasypt.encryption.pbe.PooledPBEStringEncryptor@255abe7 with name: jasyptStringEncryptor
2024-04-07T00:22:14.560+05:30  INFO 27504 --- [restartedMain] o.hibernate.jpa.internal.util.LogHelper  : HHH000204: Processing PersistenceUnitInfo [name: default]
2024-04-07T00:22:14.604+05:30  INFO 27504 --- [restartedMain] org.hibernate.Version                    : HHH000412: Hibernate ORM core version 6.2.7.Final
2024-04-07T00:22:14.606+05:30  INFO 27504 --- [restartedMain] org.hibernate.cfg.Environment            : HHH000406: Using bytecode reflection optimizer
2024-04-07T00:22:14.722+05:30  INFO 27504 --- [restartedMain] o.h.b.i.BytecodeProviderInitiator        : HHH000021: Bytecode provider name : bytebuddy
2024-04-07T00:22:14.851+05:30  INFO 27504 --- [restartedMain] o.s.o.j.p.SpringPersistenceUnitInfo      : No LoadTimeWeaver setup: ignoring JPA class transformer
2024-04-07T00:22:14.865+05:30  INFO 27504 --- [restartedMain] com.zaxxer.hikari.HikariDataSource       : HikariPool-1 - Starting...
2024-04-07T00:22:15.109+05:30  INFO 27504 --- [restartedMain] com.zaxxer.hikari.pool.HikariPool        : HikariPool-1 - Added connection com.mysql.cj.jdbc.ConnectionImpl@5c8861b1
2024-04-07T00:22:15.110+05:30  INFO 27504 --- [restartedMain] com.zaxxer.hikari.HikariDataSource       : HikariPool-1 - Start completed.
2024-04-07T00:22:15.338+05:30  INFO 27504 --- [restartedMain] o.h.b.i.BytecodeProviderInitiator        : HHH000021: Bytecode provider name : bytebuddy
2024-04-07T00:22:15.868+05:30  INFO 27504 --- [restartedMain] o.h.e.t.j.p.i.JtaPlatformInitiator       : HHH000490: Using JtaPlatform implementation: [org.hibernate.engine.transaction.jta.platform.internal.NoJtaPlatform]
2024-04-07T00:22:15.912+05:30  INFO 27504 --- [restartedMain] j.LocalContainerEntityManagerFactoryBean : Initialized JPA EntityManagerFactory for persistence unit 'default'
2024-04-07T00:22:16.212+05:30  INFO 27504 --- [restartedMain] o.s.d.j.r.query.QueryEnhancerFactory     : Hibernate is in classpath; If applicable, HQL parser will be used.
2024-04-07T00:22:16.285+05:30  WARN 27504 --- [restartedMain] JpaBaseConfiguration$JpaWebConfiguration : spring.jpa.open-in-view is enabled by default. Therefore, database queries may be performed during view rendering. Explicitly configure spring.jpa.open-in-view to disable this warning
2024-04-07T00:22:16.558+05:30  INFO 27504 --- [restartedMain] o.s.b.d.a.OptionalLiveReloadServer       : LiveReload server is running on port 35729
2024-04-07T00:22:16.585+05:30  INFO 27504 --- [restartedMain] o.s.b.w.embedded.tomcat.TomcatWebServer  : Tomcat started on port(s): 9092 (http) with context path ''
2024-04-07T00:22:16.595+05:30  INFO 27504 --- [restartedMain] c.d.u.UserRegistrationCrudApplication    : Started UserRegistrationCrudApplication in 4.288 seconds (process running for 4.811)
2024-04-07T00:22:28.937+05:30  INFO 27504 --- [http-nio-9092-exec-2] o.a.c.c.C.[Tomcat].[localhost].[/]       : Initializing Spring DispatcherServlet 'dispatcherServlet'
2024-04-07T00:22:28.937+05:30  INFO 27504 --- [http-nio-9092-exec-2] o.s.web.servlet.DispatcherServlet        : Initializing Servlet 'dispatcherServlet'
2024-04-07T00:22:28.938+05:30  INFO 27504 --- [http-nio-9092-exec-2] o.s.web.servlet.DispatcherServlet        : Completed initialization in 1 ms
2024-04-07T00:22:28.973+05:30 DEBUG 27504 --- [http-nio-9092-exec-2] c.d.u.c.UserRegistrationController       : UserRegistrationController::findByCityAndGenderPositionalBind city : Pune and gender: Male
2024-04-07T00:22:28.973+05:30  INFO 27504 --- [http-nio-9092-exec-2] c.d.u.s.UserRegistrationServiceImpl      : Inside UserRegistrationServiceImpl:findByCityAndGenderPositionalBind
2024-04-07T00:22:29.116+05:30 DEBUG 27504 --- [http-nio-9092-exec-2] c.d.u.s.UserRegistrationServiceImpl      : UserRegistrationServiceImpl:findByCityAndGenderPositionalBind response : [UserDetailsResponse(id=101, fname=Samarth, lname=Sonawane, gender=Male, email=samarthsonawane1907@gmail.com, contact=7387363383, address=Shivane, city=Pune, state=Maharashtra, pin=411023), UserDetailsResponse(id=102, fname=Samarth, lname=Sonawane, gender=Male, email=samarthsonawane5321@gmail.com, contact=7387365464, address=Shivane, city=Pune, state=Maharashtra, pin=411023), UserDetailsResponse(id=103, fname=Samarth, lname=Sonawane, gender=Male, email=samarthsonawane5464@gmail.com, contact=8600581705, address=Shivane, city=Pune, state=Maharashtra, pin=411023)]
2024-04-07T00:25:57.873+05:30 DEBUG 27504 --- [http-nio-9092-exec-5] c.d.u.c.UserRegistrationController       : UserRegistrationController::getUserByCity cityName : Pune
2024-04-07T00:25:57.873+05:30  INFO 27504 --- [http-nio-9092-exec-5] c.d.u.s.UserRegistrationServiceImpl      : Inside UserRegistrationServiceImpl:getUserByCity
2024-04-07T00:25:57.882+05:30 DEBUG 27504 --- [http-nio-9092-exec-5] c.d.u.s.UserRegistrationServiceImpl      : UserRegistrationServiceImpl:getUserByCity response : [UserDetailsResponse(id=101, fname=Samarth, lname=Sonawane, gender=Male, email=samarthsonawane1907@gmail.com, contact=7387363383, address=Shivane, city=Pune, state=Maharashtra, pin=411023), UserDetailsResponse(id=102, fname=Samarth, lname=Sonawane, gender=Male, email=samarthsonawane5321@gmail.com, contact=7387365464, address=Shivane, city=Pune, state=Maharashtra, pin=411023), UserDetailsResponse(id=103, fname=Samarth, lname=Sonawane, gender=Male, email=samarthsonawane5464@gmail.com, contact=8600581705, address=Shivane, city=Pune, state=Maharashtra, pin=411023)]
2024-04-07T00:26:50.980+05:30  INFO 27504 --- [SpringApplicationShutdownHook] j.LocalContainerEntityManagerFactoryBean : Closing JPA EntityManagerFactory for persistence unit 'default'
2024-04-07T00:26:50.987+05:30  INFO 27504 --- [SpringApplicationShutdownHook] com.zaxxer.hikari.HikariDataSource       : HikariPool-1 - Shutdown initiated...
2024-04-07T00:26:51.001+05:30  INFO 27504 --- [SpringApplicationShutdownHook] com.zaxxer.hikari.HikariDataSource       : HikariPool-1 - Shutdown completed.
